distance_matrix.androidlib/build/intermediates/manifest_merge_blame_file/release/manifest-merger-blame-release-report.txt
1<?xml version="1.0" encoding="utf-8"?>
2<manifest xmlns:android="http://schemas.android.com/apk/res/android"
3    xmlns:tools="http://schemas.android.com/tools"
4    package="com.abk.gps_forground" >
5
6    <uses-sdk android:minSdkVersion="26" />
6-->src\main\AndroidManifest.xml
7    <!-- Required for foreground services on P+. -->
8    <uses-permission android:name="android.permission.ACCESS_COARSE_LOCATION" />
8-->src\main\AndroidManifest.xml:5:5-81
8-->src\main\AndroidManifest.xml:5:22-78
9    <uses-permission android:name="android.permission.ACCESS_FINE_LOCATION" />
9-->src\main\AndroidManifest.xml:6:5-79
9-->src\main\AndroidManifest.xml:6:22-76
10    <uses-permission android:name="android.permission.FOREGROUND_SERVICE" />
10-->src\main\AndroidManifest.xml:7:5-77
10-->src\main\AndroidManifest.xml:7:22-74
11    <uses-permission android:name="android.permission.USE_FULL_SCREEN_INTENT" />
11-->src\main\AndroidManifest.xml:8:5-81
11-->src\main\AndroidManifest.xml:8:22-78
12    <uses-permission android:name="android.permission.POST_NOTIFICATIONS" />
12-->src\main\AndroidManifest.xml:9:5-76
12-->src\main\AndroidManifest.xml:9:22-74
13    <uses-permission android:name="android.permission.VIBRATE" />
13-->src\main\AndroidManifest.xml:10:5-66
13-->src\main\AndroidManifest.xml:10:22-63
14    <uses-permission android:name="android.permission.WAKE_LOCK" />
14-->src\main\AndroidManifest.xml:11:5-68
14-->src\main\AndroidManifest.xml:11:22-65
15    <uses-permission android:name="android.permission.READ_PHONE_STATE" />
15-->src\main\AndroidManifest.xml:12:5-75
15-->src\main\AndroidManifest.xml:12:22-72
16    <uses-permission android:name="android.permission.ACTIVITY_RECOGNITION" />
16-->src\main\AndroidManifest.xml:13:5-78
16-->src\main\AndroidManifest.xml:13:22-76
17    <uses-permission android:name="android.permission.BODY_SENSORS" />
17-->src\main\AndroidManifest.xml:14:5-70
17-->src\main\AndroidManifest.xml:14:22-68
18
19    <uses-feature
19-->src\main\AndroidManifest.xml:16:5-18:35
20        android:name="android.hardware.sensor.accelerometer"
20-->src\main\AndroidManifest.xml:17:9-61
21        android:required="true" />
21-->src\main\AndroidManifest.xml:18:9-32
22    <uses-feature
22-->src\main\AndroidManifest.xml:19:5-21:34
23        android:name="android.hardware.sensor.stepcounter"
23-->src\main\AndroidManifest.xml:20:9-59
24        android:required="true" />
24-->src\main\AndroidManifest.xml:21:9-32
25    <uses-feature
25-->src\main\AndroidManifest.xml:22:4-24:33
26        android:name="android.hardware.sensor.stepdetector"
26-->src\main\AndroidManifest.xml:23:8-59
27        android:required="true" />
27-->src\main\AndroidManifest.xml:24:8-31
28
29    <application>
29-->src\main\AndroidManifest.xml:27:5-48:19
30
31        <!-- Foreground services in Q+ require type. -->
32
33
34        <!-- <service -->
35        <!-- android:name="com.abk.distance.services.MyService" -->
36        <!-- android:enabled="true" -->
37        <!-- android:exported="true" -->
38        <!-- android:process=":different" /> -->
39        <service
39-->src\main\AndroidManifest.xml:35:9-40:44
40            android:name="com.abk.distance.services.LocationService"
40-->src\main\AndroidManifest.xml:36:13-69
41            android:enabled="true"
41-->src\main\AndroidManifest.xml:37:13-35
42            android:exported="true"
42-->src\main\AndroidManifest.xml:38:13-36
43            android:foregroundServiceType="location"
43-->src\main\AndroidManifest.xml:39:13-53
44            android:process=":different" />
44-->src\main\AndroidManifest.xml:40:13-41
45        <service
45-->src\main\AndroidManifest.xml:41:9-46:15
46            android:name="com.abk.distance.chatgptscript.AiForegroundService"
46-->src\main\AndroidManifest.xml:42:13-78
47            android:enabled="true"
47-->src\main\AndroidManifest.xml:43:13-35
48            android:exported="true"
48-->src\main\AndroidManifest.xml:44:13-36
49            android:foregroundServiceType="dataSync" />
49-->src\main\AndroidManifest.xml:45:13-53
50    </application>
51
52</manifest>